<?xml version="1.0" encoding="UTF-8"?>
<!-- Generated by org.testng.reporters.JUnitReportReporter -->
<testsuite skipped="0" hostname="DAWN" name="com.capsulecrm.test.Test1" tests="1" failures="0" timestamp="01 Jun 2019 11:11:55 GMT" time="30.086" errors="0">
  <testcase name="addPersonAndCase" time="30.086" classname="com.capsulecrm.test.Test1"/>
</testsuite> <!-- com.capsulecrm.test.Test1 -->
